[0.343s] Invoking command in '/root/ros2_ws/my_prova': PYTHONPATH=/root/ros2_ws/build/my_prova/prefix_override:/usr/lib/python3/dist-packages/colcon_core/task/python/colcon_distutils_commands:/root/ros2_ws/install/my_prova/lib/python3.10/site-packages:${PYTHONPATH} /usr/bin/python3 -W ignore:setup.py install is deprecated -W ignore:easy_install command is deprecated setup.py egg_info --egg-base ../build/my_prova build --build-base /root/ros2_ws/build/my_prova/build install --record /root/ros2_ws/build/my_prova/install.log --single-version-externally-managed install_data
[0.433s] running egg_info
[0.433s] writing ../build/my_prova/my_prova.egg-info/PKG-INFO
[0.434s] writing dependency_links to ../build/my_prova/my_prova.egg-info/dependency_links.txt
[0.434s] writing entry points to ../build/my_prova/my_prova.egg-info/entry_points.txt
[0.434s] writing requirements to ../build/my_prova/my_prova.egg-info/requires.txt
[0.434s] writing top-level names to ../build/my_prova/my_prova.egg-info/top_level.txt
[0.435s] reading manifest file '../build/my_prova/my_prova.egg-info/SOURCES.txt'
[0.435s] adding license file 'LICENSE'
[0.435s] writing manifest file '../build/my_prova/my_prova.egg-info/SOURCES.txt'
[0.435s] running build
[0.435s] running build_py
[0.435s] copying my_prova/__init__.py -> /root/ros2_ws/build/my_prova/build/lib/my_prova
[0.436s] copying my_prova/subscriber_member_function.py -> /root/ros2_ws/build/my_prova/build/lib/my_prova
[0.436s] copying my_prova/publisher_member_function.py -> /root/ros2_ws/build/my_prova/build/lib/my_prova
[0.436s] running install
[0.436s] running install_lib
[0.436s] copying /root/ros2_ws/build/my_prova/build/lib/my_prova/__init__.py -> /root/ros2_ws/install/my_prova/lib/python3.10/site-packages/my_prova
[0.436s] copying /root/ros2_ws/build/my_prova/build/lib/my_prova/subscriber_member_function.py -> /root/ros2_ws/install/my_prova/lib/python3.10/site-packages/my_prova
[0.436s] copying /root/ros2_ws/build/my_prova/build/lib/my_prova/publisher_member_function.py -> /root/ros2_ws/install/my_prova/lib/python3.10/site-packages/my_prova
[0.437s] byte-compiling /root/ros2_ws/install/my_prova/lib/python3.10/site-packages/my_prova/__init__.py to __init__.cpython-310.pyc
[0.437s] byte-compiling /root/ros2_ws/install/my_prova/lib/python3.10/site-packages/my_prova/subscriber_member_function.py to subscriber_member_function.cpython-310.pyc
[0.437s] byte-compiling /root/ros2_ws/install/my_prova/lib/python3.10/site-packages/my_prova/publisher_member_function.py to publisher_member_function.cpython-310.pyc
[0.437s] running install_data
[0.437s] copying resource/my_prova -> /root/ros2_ws/install/my_prova/share/ament_index/resource_index/packages
[0.437s] copying package.xml -> /root/ros2_ws/install/my_prova/share/my_prova
[0.437s] copying launch/launch.py -> /root/ros2_ws/install/my_prova/share/my_prova/launch
[0.437s] running install_egg_info
[0.438s] removing '/root/ros2_ws/install/my_prova/lib/python3.10/site-packages/my_prova-0.0.0-py3.10.egg-info' (and everything under it)
[0.439s] Copying ../build/my_prova/my_prova.egg-info to /root/ros2_ws/install/my_prova/lib/python3.10/site-packages/my_prova-0.0.0-py3.10.egg-info
[0.439s] running install_scripts
[0.449s] Installing listener script to /root/ros2_ws/install/my_prova/lib/my_prova
[0.449s] Installing talker script to /root/ros2_ws/install/my_prova/lib/my_prova
[0.449s] writing list of installed files to '/root/ros2_ws/build/my_prova/install.log'
[0.464s] Invoked command in '/root/ros2_ws/my_prova' returned '0': PYTHONPATH=/root/ros2_ws/build/my_prova/prefix_override:/usr/lib/python3/dist-packages/colcon_core/task/python/colcon_distutils_commands:/root/ros2_ws/install/my_prova/lib/python3.10/site-packages:${PYTHONPATH} /usr/bin/python3 -W ignore:setup.py install is deprecated -W ignore:easy_install command is deprecated setup.py egg_info --egg-base ../build/my_prova build --build-base /root/ros2_ws/build/my_prova/build install --record /root/ros2_ws/build/my_prova/install.log --single-version-externally-managed install_data
