[0.257s] Invoking command in '/root/ros2_ws/my_prova': PYTHONPATH=/root/ros2_ws/build/my_prova/prefix_override:/usr/lib/python3/dist-packages/colcon_core/task/python/colcon_distutils_commands:/root/ros2_ws/install/my_prova/lib/python3.10/site-packages:${PYTHONPATH} /usr/bin/python3 -W ignore:setup.py install is deprecated -W ignore:easy_install command is deprecated setup.py egg_info --egg-base ../build/my_prova build --build-base /root/ros2_ws/build/my_prova/build install --record /root/ros2_ws/build/my_prova/install.log --single-version-externally-managed install_data
[0.352s] running egg_info
[0.352s] creating ../build/my_prova/my_prova.egg-info
[0.352s] writing ../build/my_prova/my_prova.egg-info/PKG-INFO
[0.352s] writing dependency_links to ../build/my_prova/my_prova.egg-info/dependency_links.txt
[0.352s] writing entry points to ../build/my_prova/my_prova.egg-info/entry_points.txt
[0.352s] writing requirements to ../build/my_prova/my_prova.egg-info/requires.txt
[0.352s] writing top-level names to ../build/my_prova/my_prova.egg-info/top_level.txt
[0.352s] writing manifest file '../build/my_prova/my_prova.egg-info/SOURCES.txt'
[0.353s] reading manifest file '../build/my_prova/my_prova.egg-info/SOURCES.txt'
[0.353s] adding license file 'LICENSE'
[0.353s] writing manifest file '../build/my_prova/my_prova.egg-info/SOURCES.txt'
[0.353s] running build
[0.353s] running build_py
[0.353s] creating /root/ros2_ws/build/my_prova/build
[0.354s] creating /root/ros2_ws/build/my_prova/build/lib
[0.354s] creating /root/ros2_ws/build/my_prova/build/lib/my_prova
[0.354s] copying my_prova/__init__.py -> /root/ros2_ws/build/my_prova/build/lib/my_prova
[0.354s] copying my_prova/subscriber_member_function.py -> /root/ros2_ws/build/my_prova/build/lib/my_prova
[0.354s] copying my_prova/publisher_member_function.py -> /root/ros2_ws/build/my_prova/build/lib/my_prova
[0.354s] running install
[0.354s] running install_lib
[0.354s] creating /root/ros2_ws/install/my_prova/lib/python3.10/site-packages/my_prova
[0.354s] copying /root/ros2_ws/build/my_prova/build/lib/my_prova/__init__.py -> /root/ros2_ws/install/my_prova/lib/python3.10/site-packages/my_prova
[0.355s] copying /root/ros2_ws/build/my_prova/build/lib/my_prova/subscriber_member_function.py -> /root/ros2_ws/install/my_prova/lib/python3.10/site-packages/my_prova
[0.355s] copying /root/ros2_ws/build/my_prova/build/lib/my_prova/publisher_member_function.py -> /root/ros2_ws/install/my_prova/lib/python3.10/site-packages/my_prova
[0.355s] byte-compiling /root/ros2_ws/install/my_prova/lib/python3.10/site-packages/my_prova/__init__.py to __init__.cpython-310.pyc
[0.355s] byte-compiling /root/ros2_ws/install/my_prova/lib/python3.10/site-packages/my_prova/subscriber_member_function.py to subscriber_member_function.cpython-310.pyc
[0.355s] byte-compiling /root/ros2_ws/install/my_prova/lib/python3.10/site-packages/my_prova/publisher_member_function.py to publisher_member_function.cpython-310.pyc
[0.355s] running install_data
[0.356s] creating /root/ros2_ws/install/my_prova/share/ament_index
[0.356s] creating /root/ros2_ws/install/my_prova/share/ament_index/resource_index
[0.356s] creating /root/ros2_ws/install/my_prova/share/ament_index/resource_index/packages
[0.356s] copying resource/my_prova -> /root/ros2_ws/install/my_prova/share/ament_index/resource_index/packages
[0.356s] copying package.xml -> /root/ros2_ws/install/my_prova/share/my_prova
[0.356s] creating /root/ros2_ws/install/my_prova/share/my_prova/launch
[0.356s] copying launch/launch.py -> /root/ros2_ws/install/my_prova/share/my_prova/launch
[0.356s] running install_egg_info
[0.357s] Copying ../build/my_prova/my_prova.egg-info to /root/ros2_ws/install/my_prova/lib/python3.10/site-packages/my_prova-0.0.0-py3.10.egg-info
[0.357s] running install_scripts
[0.367s] writing list of installed files to '/root/ros2_ws/build/my_prova/install.log'
[0.378s] Invoked command in '/root/ros2_ws/my_prova' returned '0': PYTHONPATH=/root/ros2_ws/build/my_prova/prefix_override:/usr/lib/python3/dist-packages/colcon_core/task/python/colcon_distutils_commands:/root/ros2_ws/install/my_prova/lib/python3.10/site-packages:${PYTHONPATH} /usr/bin/python3 -W ignore:setup.py install is deprecated -W ignore:easy_install command is deprecated setup.py egg_info --egg-base ../build/my_prova build --build-base /root/ros2_ws/build/my_prova/build install --record /root/ros2_ws/build/my_prova/install.log --single-version-externally-managed install_data
