running egg_info
writing ../build/my_prova/my_prova.egg-info/PKG-INFO
writing dependency_links to ../build/my_prova/my_prova.egg-info/dependency_links.txt
writing entry points to ../build/my_prova/my_prova.egg-info/entry_points.txt
writing requirements to ../build/my_prova/my_prova.egg-info/requires.txt
writing top-level names to ../build/my_prova/my_prova.egg-info/top_level.txt
reading manifest file '../build/my_prova/my_prova.egg-info/SOURCES.txt'
adding license file 'LICENSE'
writing manifest file '../build/my_prova/my_prova.egg-info/SOURCES.txt'
running build
running build_py
running install
running install_lib
running install_data
copying launch/launch.py -> /root/ros2_ws/install/my_prova/share/my_prova/launch
running install_egg_info
removing '/root/ros2_ws/install/my_prova/lib/python3.10/site-packages/my_prova-0.0.0-py3.10.egg-info' (and everything under it)
Copying ../build/my_prova/my_prova.egg-info to /root/ros2_ws/install/my_prova/lib/python3.10/site-packages/my_prova-0.0.0-py3.10.egg-info
running install_scripts
Installing listener script to /root/ros2_ws/install/my_prova/lib/my_prova
Installing talker script to /root/ros2_ws/install/my_prova/lib/my_prova
writing list of installed files to '/root/ros2_ws/build/my_prova/install.log'
