running egg_info
writing ../build/my_vr/my_vr.egg-info/PKG-INFO
writing dependency_links to ../build/my_vr/my_vr.egg-info/dependency_links.txt
writing entry points to ../build/my_vr/my_vr.egg-info/entry_points.txt
writing requirements to ../build/my_vr/my_vr.egg-info/requires.txt
writing top-level names to ../build/my_vr/my_vr.egg-info/top_level.txt
reading manifest file '../build/my_vr/my_vr.egg-info/SOURCES.txt'
adding license file 'LICENSE'
writing manifest file '../build/my_vr/my_vr.egg-info/SOURCES.txt'
running build
running build_py
copying my_vr/__init__.py -> /root/ros2_ws/build/my_vr/build/lib/my_vr
copying my_vr/pub.py -> /root/ros2_ws/build/my_vr/build/lib/my_vr
copying my_vr/sub.py -> /root/ros2_ws/build/my_vr/build/lib/my_vr
running install
running install_lib
copying /root/ros2_ws/build/my_vr/build/lib/my_vr/__init__.py -> /root/ros2_ws/install/my_vr/lib/python3.10/site-packages/my_vr
copying /root/ros2_ws/build/my_vr/build/lib/my_vr/pub.py -> /root/ros2_ws/install/my_vr/lib/python3.10/site-packages/my_vr
copying /root/ros2_ws/build/my_vr/build/lib/my_vr/sub.py -> /root/ros2_ws/install/my_vr/lib/python3.10/site-packages/my_vr
byte-compiling /root/ros2_ws/install/my_vr/lib/python3.10/site-packages/my_vr/__init__.py to __init__.cpython-310.pyc
byte-compiling /root/ros2_ws/install/my_vr/lib/python3.10/site-packages/my_vr/pub.py to pub.cpython-310.pyc
byte-compiling /root/ros2_ws/install/my_vr/lib/python3.10/site-packages/my_vr/sub.py to sub.cpython-310.pyc
running install_data
copying resource/my_vr -> /root/ros2_ws/install/my_vr/share/ament_index/resource_index/packages
copying package.xml -> /root/ros2_ws/install/my_vr/share/my_vr
copying launch/launchvr.py -> /root/ros2_ws/install/my_vr/share/my_vr/launch
running install_egg_info
removing '/root/ros2_ws/install/my_vr/lib/python3.10/site-packages/my_vr-0.0.0-py3.10.egg-info' (and everything under it)
Copying ../build/my_vr/my_vr.egg-info to /root/ros2_ws/install/my_vr/lib/python3.10/site-packages/my_vr-0.0.0-py3.10.egg-info
running install_scripts
Installing pub.py script to /root/ros2_ws/install/my_vr/lib/my_vr
Installing sub.py script to /root/ros2_ws/install/my_vr/lib/my_vr
writing list of installed files to '/root/ros2_ws/build/my_vr/install.log'
