[0.340s] Invoking command in '/root/ros2_ws/my_vr': PYTHONPATH=/root/ros2_ws/build/my_vr/prefix_override:/usr/lib/python3/dist-packages/colcon_core/task/python/colcon_distutils_commands:/root/ros2_ws/install/my_vr/lib/python3.10/site-packages:${PYTHONPATH} /usr/bin/python3 -W ignore:setup.py install is deprecated -W ignore:easy_install command is deprecated setup.py egg_info --egg-base ../build/my_vr build --build-base /root/ros2_ws/build/my_vr/build install --record /root/ros2_ws/build/my_vr/install.log --single-version-externally-managed install_data
[0.427s] running egg_info
[0.427s] writing ../build/my_vr/my_vr.egg-info/PKG-INFO
[0.427s] writing dependency_links to ../build/my_vr/my_vr.egg-info/dependency_links.txt
[0.427s] writing entry points to ../build/my_vr/my_vr.egg-info/entry_points.txt
[0.428s] writing requirements to ../build/my_vr/my_vr.egg-info/requires.txt
[0.428s] writing top-level names to ../build/my_vr/my_vr.egg-info/top_level.txt
[0.429s] reading manifest file '../build/my_vr/my_vr.egg-info/SOURCES.txt'
[0.429s] adding license file 'LICENSE'
[0.429s] writing manifest file '../build/my_vr/my_vr.egg-info/SOURCES.txt'
[0.429s] running build
[0.429s] running build_py
[0.429s] copying my_vr/__init__.py -> /root/ros2_ws/build/my_vr/build/lib/my_vr
[0.429s] copying my_vr/pub.py -> /root/ros2_ws/build/my_vr/build/lib/my_vr
[0.429s] copying my_vr/sub.py -> /root/ros2_ws/build/my_vr/build/lib/my_vr
[0.430s] running install
[0.430s] running install_lib
[0.430s] copying /root/ros2_ws/build/my_vr/build/lib/my_vr/__init__.py -> /root/ros2_ws/install/my_vr/lib/python3.10/site-packages/my_vr
[0.430s] copying /root/ros2_ws/build/my_vr/build/lib/my_vr/pub.py -> /root/ros2_ws/install/my_vr/lib/python3.10/site-packages/my_vr
[0.430s] copying /root/ros2_ws/build/my_vr/build/lib/my_vr/sub.py -> /root/ros2_ws/install/my_vr/lib/python3.10/site-packages/my_vr
[0.431s] byte-compiling /root/ros2_ws/install/my_vr/lib/python3.10/site-packages/my_vr/__init__.py to __init__.cpython-310.pyc
[0.431s] byte-compiling /root/ros2_ws/install/my_vr/lib/python3.10/site-packages/my_vr/pub.py to pub.cpython-310.pyc
[0.431s] byte-compiling /root/ros2_ws/install/my_vr/lib/python3.10/site-packages/my_vr/sub.py to sub.cpython-310.pyc
[0.432s] running install_data
[0.432s] copying resource/my_vr -> /root/ros2_ws/install/my_vr/share/ament_index/resource_index/packages
[0.432s] copying package.xml -> /root/ros2_ws/install/my_vr/share/my_vr
[0.432s] copying launch/launchvr.py -> /root/ros2_ws/install/my_vr/share/my_vr/launch
[0.432s] running install_egg_info
[0.433s] removing '/root/ros2_ws/install/my_vr/lib/python3.10/site-packages/my_vr-0.0.0-py3.10.egg-info' (and everything under it)
[0.433s] Copying ../build/my_vr/my_vr.egg-info to /root/ros2_ws/install/my_vr/lib/python3.10/site-packages/my_vr-0.0.0-py3.10.egg-info
[0.434s] running install_scripts
[0.444s] Installing pub.py script to /root/ros2_ws/install/my_vr/lib/my_vr
[0.444s] Installing sub.py script to /root/ros2_ws/install/my_vr/lib/my_vr
[0.444s] writing list of installed files to '/root/ros2_ws/build/my_vr/install.log'
[0.466s] Invoked command in '/root/ros2_ws/my_vr' returned '0': PYTHONPATH=/root/ros2_ws/build/my_vr/prefix_override:/usr/lib/python3/dist-packages/colcon_core/task/python/colcon_distutils_commands:/root/ros2_ws/install/my_vr/lib/python3.10/site-packages:${PYTHONPATH} /usr/bin/python3 -W ignore:setup.py install is deprecated -W ignore:easy_install command is deprecated setup.py egg_info --egg-base ../build/my_vr build --build-base /root/ros2_ws/build/my_vr/build install --record /root/ros2_ws/build/my_vr/install.log --single-version-externally-managed install_data
